<?xml version="1.0" encoding="UTF-8"?>
<!-- Generated by org.testng.reporters.JUnitXMLReporter -->
<testsuite ignored="0" hostname="BA-000289017" failures="0" tests="5" name="Default test" time="28.532" errors="0" timestamp="2022-10-11T12:01:22 IST">
  <testcase classname="com.telus.testcases.RegisterUserInfo" name="launchApplicationUrl" time="18.373"/>
  <testcase classname="com.telus.testcases.RegisterUserInfo" name="navigationRegPage" time="3.251"/>
  <testcase classname="com.telus.testcases.RegisterUserInfo" name="registerUser" time="6.565"/>
  <testcase classname="com.telus.testcases.RegisterUserInfo" name="successfullConformMsg" time="0.111"/>
  <testcase classname="com.telus.testcases.RegisterUserInfo" name="closeApplication" time="0.159"/>
</testsuite> <!-- Default test -->
